\BOOKMARK [0][-]{dummy.1}{\376\377\000C\000o\000n\000t\000e\000n\000t\000s}{}% 1
\BOOKMARK [0][-]{dummy.3}{\376\377\000L\000i\000s\000t\000\040\000o\000f\000\040\000F\000i\000g\000u\000r\000e\000s}{}% 2
\BOOKMARK [0][-]{dummy.5}{\376\377\000L\000i\000s\000t\000\040\000o\000f\000\040\000T\000a\000b\000l\000e\000s}{}% 3
\BOOKMARK [0][-]{dummy.7}{\376\377\000A\000b\000b\000r\000e\000v\000i\000a\000t\000i\000o\000n\000s}{}% 4
\BOOKMARK [0][-]{chapter.10}{\376\377\0001\000\040\000I\000n\000t\000r\000o\000d\000u\000c\000e\000r\000e\000/\000I\000n\000t\000r\000o\000d\000u\000c\000t\000i\000o\000n\000/\000E\000i\000n\000l\000e\000i\000t\000u\000n\000g}{}% 5
\BOOKMARK [1][-]{section.11}{\376\377\0001\000.\0001\000\040\000R\000o\000m\000\342\000n\001\003}{chapter.10}% 6
\BOOKMARK [2][-]{subsection.12}{\376\377\0001\000.\0001\000.\0001\000\040\000I\000n\000t\000r\000o\000d\000u\000c\000e\000r\000e}{section.11}% 7
\BOOKMARK [2][-]{subsection.13}{\376\377\0001\000.\0001\000.\0002\000\040\000M\000o\000t\000i\000v\000a\001\143\000i\000e}{section.11}% 8
\BOOKMARK [2][-]{subsection.14}{\376\377\0001\000.\0001\000.\0003\000\040\000S\000c\000o\000p}{section.11}% 9
\BOOKMARK [1][-]{section.15}{\376\377\0001\000.\0002\000\040\000E\000n\000g\000l\000i\000s\000h}{chapter.10}% 10
\BOOKMARK [2][-]{subsection.16}{\376\377\0001\000.\0002\000.\0001\000\040\000I\000n\000t\000r\000o\000d\000u\000c\000t\000i\000o\000n}{section.15}% 11
\BOOKMARK [2][-]{subsection.17}{\376\377\0001\000.\0002\000.\0002\000\040\000M\000o\000t\000i\000v\000a\000t\000i\000o\000n}{section.15}% 12
\BOOKMARK [2][-]{subsection.18}{\376\377\0001\000.\0002\000.\0003\000\040\000T\000a\000r\000g\000e\000t}{section.15}% 13
\BOOKMARK [1][-]{section.19}{\376\377\0001\000.\0003\000\040\000D\000e\000u\000t\000s\000c\000h}{chapter.10}% 14
\BOOKMARK [2][-]{subsection.20}{\376\377\0001\000.\0003\000.\0001\000\040\000E\000i\000n\000l\000e\000i\000t\000u\000n\000g}{section.19}% 15
\BOOKMARK [2][-]{subsection.21}{\376\377\0001\000.\0003\000.\0002\000\040\000M\000o\000t\000i\000v\000a\000t\000i\000o\000n}{section.19}% 16
\BOOKMARK [2][-]{subsection.22}{\376\377\0001\000.\0003\000.\0003\000\040\000Z\000i\000e\000l}{section.19}% 17
\BOOKMARK [0][-]{chapter.23}{\376\377\0002\000\040\000H\000a\000r\000d\000w\000a\000r\000e\000,\000\040\000T\000e\000c\000h\000n\000o\000l\000o\000g\000i\000e\000s\000\040\000a\000n\000d\000\040\000P\000r\000o\000g\000r\000a\000m\000m\000i\000n\000g\000\040\000L\000a\000n\000g\000u\000a\000g\000e\000s}{}% 18
\BOOKMARK [1][-]{section.24}{\376\377\0002\000.\0001\000\040\000H\000a\000r\000d\000w\000a\000r\000e}{chapter.23}% 19
\BOOKMARK [2][-]{subsection.27}{\376\377\0002\000.\0001\000.\0001\000\040\000R\000a\000s\000p\000b\000e\000r\000r\000y\000\040\000P\000i}{section.24}% 20
\BOOKMARK [2][-]{subsection.45}{\376\377\0002\000.\0001\000.\0002\000\040\000C\000a\000r\000\040\000C\000h\000a\000s\000s\000i\000s\000\040\000D\000e\000v\000e\000l\000o\000p\000m\000e\000n\000t\000\040\000K\000i\000t}{section.24}% 21
\BOOKMARK [1][-]{section.48}{\376\377\0002\000.\0002\000\040\000T\000e\000c\000h\000n\000o\000l\000o\000g\000i\000e\000s\000\040\000a\000n\000d\000\040\000P\000r\000o\000g\000r\000a\000m\000m\000i\000n\000g\000\040\000L\000a\000n\000g\000u\000a\000g\000e\000s}{chapter.23}% 22
\BOOKMARK [2][-]{subsection.56}{\376\377\0002\000.\0002\000.\0001\000\040\000W\000e\000b\000\040\000A\000p\000p\000l\000i\000c\000a\000t\000i\000o\000n\000\040\000B\000a\000c\000k\000-\000E\000n\000d}{section.48}% 23
\BOOKMARK [3][-]{subsubsection.57}{\376\377\0002\000.\0002\000.\0001\000.\0001\000\040\000J\000a\000v\000a\000S\000c\000r\000i\000p\000t}{subsection.56}% 24
\BOOKMARK [3][-]{subsubsection.62}{\376\377\0002\000.\0002\000.\0001\000.\0002\000\040\000N\000o\000d\000e\000J\000s}{subsection.56}% 25
\BOOKMARK [3][-]{subsubsection.79}{\376\377\0002\000.\0002\000.\0001\000.\0003\000\040\000E\000x\000p\000r\000e\000s\000s\000J\000s}{subsection.56}% 26
\BOOKMARK [3][-]{subsubsection.81}{\376\377\0002\000.\0002\000.\0001\000.\0004\000\040\000S\000o\000c\000k\000e\000t\000.\000i\000o}{subsection.56}% 27
\BOOKMARK [3][-]{subsubsection.90}{\376\377\0002\000.\0002\000.\0001\000.\0005\000\040\000N\000o\000S\000Q\000L}{subsection.56}% 28
\BOOKMARK [2][-]{subsection.93}{\376\377\0002\000.\0002\000.\0002\000\040\000W\000e\000b\000\040\000A\000p\000p\000l\000i\000c\000a\000t\000i\000o\000n\000\040\000F\000r\000o\000n\000t\000-\000E\000n\000d}{section.48}% 29
\BOOKMARK [3][-]{subsubsection.94}{\376\377\0002\000.\0002\000.\0002\000.\0001\000\040\000H\000T\000M\000L\000\040\000\050\000H\000y\000p\000e\000r\000T\000e\000x\000t\000\040\000M\000a\000r\000k\000u\000p\000\040\000L\000a\000n\000g\000u\000a\000g\000e\000\051}{subsection.93}% 30
\BOOKMARK [3][-]{subsubsection.97}{\376\377\0002\000.\0002\000.\0002\000.\0002\000\040\000J\000a\000d\000e}{subsection.93}% 31
\BOOKMARK [3][-]{subsubsection.103}{\376\377\0002\000.\0002\000.\0002\000.\0003\000\040\000C\000S\000S\000\040\000\050\000C\000a\000s\000c\000a\000d\000i\000n\000g\000\040\000S\000t\000y\000l\000e\000\040\000S\000h\000e\000e\000t\000s\000\051}{subsection.93}% 32
\BOOKMARK [3][-]{subsubsection.104}{\376\377\0002\000.\0002\000.\0002\000.\0004\000\040\000L\000e\000s\000s\000\040\000\050\000s\000t\000y\000l\000e\000s\000h\000e\000e\000t\000\040\000l\000a\000n\000g\000u\000a\000g\000e\000\051}{subsection.93}% 33
\BOOKMARK [3][-]{subsubsection.105}{\376\377\0002\000.\0002\000.\0002\000.\0005\000\040\000j\000Q\000u\000e\000r\000y}{subsection.93}% 34
\BOOKMARK [2][-]{subsection.106}{\376\377\0002\000.\0002\000.\0003\000\040\000T\000o\000o\000l\000s\000\040\000U\000s\000e\000d\000\040\000f\000o\000r\000\040\000D\000e\000v\000e\000l\000o\000p\000i\000n\000g}{section.48}% 35
\BOOKMARK [3][-]{subsubsection.107}{\376\377\0002\000.\0002\000.\0003\000.\0001\000\040\000S\000u\000b\000l\000i\000m\000e\000\040\000T\000e\000x\000t\000\040\0002}{subsection.106}% 36
\BOOKMARK [3][-]{subsubsection.110}{\376\377\0002\000.\0002\000.\0003\000.\0002\000\040\000G\000r\000u\000n\000t\000J\000s}{subsection.106}% 37
\BOOKMARK [3][-]{subsubsection.112}{\376\377\0002\000.\0002\000.\0003\000.\0003\000\040\000P\000u\000T\000T\000Y}{subsection.106}% 38
\BOOKMARK [0][-]{chapter.114}{\376\377\0003\000\040\000P\000l\000a\000c\000i\000n\000g\000\040\000i\000n\000t\000o\000\040\000C\000o\000n\000t\000e\000x\000t}{}% 39
\BOOKMARK [1][-]{section.115}{\376\377\0003\000.\0001\000\040\000A\000u\000t\000o\000m\000o\000t\000i\000v\000e\000\040\000i\000n\000d\000u\000s\000t\000r\000y}{chapter.114}% 40
\BOOKMARK [1][-]{section.116}{\376\377\0003\000.\0002\000\040\000C\000a\000r\000\040\000D\000i\000a\000g\000n\000o\000s\000t\000i\000c}{chapter.114}% 41
\BOOKMARK [2][-]{subsubsection.117}{\376\377\0003\000.\0002\000.\0000\000.\0004\000\040\000H\000i\000s\000t\000o\000r\000y}{section.116}% 42
\BOOKMARK [3][-]{subsubsection.118}{\376\377\0003\000.\0002\000.\0000\000.\0005\000\040\000E\000f\000f\000e\000c\000t\000s}{subsubsection.117}% 43
\BOOKMARK [3][-]{subsubsection.119}{\376\377\0003\000.\0002\000.\0000\000.\0006\000\040\000C\000o\000m\000m\000o\000n\000\040\000D\000i\000a\000g\000n\000o\000s\000t\000i\000c\000\040\000C\000o\000d\000e\000s}{subsubsection.117}% 44
\BOOKMARK [3][-]{subsubsection.122}{\376\377\0003\000.\0002\000.\0000\000.\0007\000\040\000C\000o\000s\000t\000s}{subsubsection.117}% 45
\BOOKMARK [3][-]{subsubsection.123}{\376\377\0003\000.\0002\000.\0000\000.\0008\000\040\000B\000e\000n\000e\000f\000i\000t\000s}{subsubsection.117}% 46
\BOOKMARK [0][-]{chapter.124}{\376\377\0004\000\040\000A\000\040\000W\000E\000B\000-\000B\000A\000S\000E\000D\000\040\000P\000R\000O\000T\000O\000T\000Y\000P\000E\000\040\000F\000O\000R\000\040\000R\000E\000M\000O\000T\000E\000\040\000C\000A\000R\000\040\000D\000I\000A\000G\000N\000O\000S\000T\000I\000C\000S}{}% 47
\BOOKMARK [1][-]{section.125}{\376\377\0004\000.\0001\000\040\000A\000b\000o\000u\000t\000\040\000t\000h\000e\000\040\000a\000p\000p\000l\000i\000c\000a\000t\000i\000o\000n}{chapter.124}% 48
\BOOKMARK [2][-]{subsubsection.126}{\376\377\0004\000.\0001\000.\0000\000.\0009\000\040\000D\000a\000s\000h\000b\000o\000a\000r\000d}{section.125}% 49
\BOOKMARK [2][-]{subsection.128}{\376\377\0004\000.\0001\000.\0001\000\040\000C\000o\000n\000t\000r\000o\000l\000l\000e\000r\000s}{section.125}% 50
\BOOKMARK [3][-]{subsubsection.129}{\376\377\0004\000.\0001\000.\0001\000.\0001\000\040\000K\000e\000y\000b\000o\000a\000r\000d\000\040\000C\000o\000n\000t\000r\000o\000l\000l\000e\000r}{subsection.128}% 51
\BOOKMARK [3][-]{subsubsection.131}{\376\377\0004\000.\0001\000.\0001\000.\0002\000\040\000G\000y\000r\000o\000s\000c\000o\000p\000e\000\040\000C\000o\000n\000t\000r\000o\000l\000l\000e\000r}{subsection.128}% 52
\BOOKMARK [3][-]{subsubsection.133}{\376\377\0004\000.\0001\000.\0001\000.\0003\000\040\000S\000p\000e\000e\000c\000h\000\040\000C\000o\000n\000t\000r\000o\000l\000l\000e\000r}{subsection.128}% 53
\BOOKMARK [1][-]{section.135}{\376\377\0004\000.\0002\000\040\000W\000h\000y\000?\000\040\000a\000n\000d\000\040\000H\000o\000w\000?}{chapter.124}% 54
\BOOKMARK [0][-]{chapter.137}{\376\377\0005\000\040\000C\000o\000n\000c\000l\000u\000s\000i\000o\000n}{}% 55
\BOOKMARK [1][-]{section.138}{\376\377\0005\000.\0001\000\040\000f\000d\000s\000f\000d\000a\000s}{chapter.137}% 56
\BOOKMARK [2][-]{subsection.139}{\376\377\0005\000.\0001\000.\0001\000\040\000S\000u\000b\000s\000e\000c\000t\000i\000o\000n\000\040\0001}{section.138}% 57
\BOOKMARK [2][-]{subsection.140}{\376\377\0005\000.\0001\000.\0002\000\040\000S\000u\000b\000s\000e\000c\000t\000i\000o\000n\000\040\0002}{section.138}% 58
\BOOKMARK [1][-]{section.141}{\376\377\0005\000.\0002\000\040\000M\000a\000i\000n\000\040\000S\000e\000c\000t\000i\000o\000n\000\040\0002}{chapter.137}% 59
\BOOKMARK [0][-]{appendix.142}{\376\377\000A\000\040\000A\000p\000p\000e\000n\000d\000i\000x\000\040\000T\000i\000t\000l\000e\000\040\000H\000e\000r\000e}{}% 60
\BOOKMARK [0][-]{dummy.143}{\376\377\000B\000i\000b\000l\000i\000o\000g\000r\000a\000p\000h\000y}{}% 61
